{"C:\\Users\\2190013\\Udemy-React\\Brad Traversy\\feedback-app-props-drilling\\src\\App.js": {"path":"C:\\Users\\2190013\\Udemy-React\\Brad Traversy\\feedback-app-props-drilling\\src\\App.js","statementMap":{"0":{"start":{"line":13,"column":12},"end":{"line":55,"column":1}},"1":{"start":{"line":14,"column":34},"end":{"line":14,"column":56}},"2":{"start":{"line":16,"column":22},"end":{"line":20,"column":3}},"3":{"start":{"line":17,"column":4},"end":{"line":17,"column":30}},"4":{"start":{"line":18,"column":4},"end":{"line":18,"column":29}},"5":{"start":{"line":19,"column":4},"end":{"line":19,"column":44}},"6":{"start":{"line":22,"column":25},"end":{"line":27,"column":3}},"7":{"start":{"line":24,"column":4},"end":{"line":26,"column":5}},"8":{"start":{"line":25,"column":6},"end":{"line":25,"column":61}},"9":{"start":{"line":25,"column":44},"end":{"line":25,"column":58}},"10":{"start":{"line":29,"column":2},"end":{"line":54,"column":4}}},"fnMap":{"0":{"name":"(anonymous_0)","decl":{"start":{"line":13,"column":12},"end":{"line":13,"column":13}},"loc":{"start":{"line":13,"column":18},"end":{"line":55,"column":1}},"line":13},"1":{"name":"(anonymous_1)","decl":{"start":{"line":16,"column":22},"end":{"line":16,"column":23}},"loc":{"start":{"line":16,"column":39},"end":{"line":20,"column":3}},"line":16},"2":{"name":"(anonymous_2)","decl":{"start":{"line":22,"column":25},"end":{"line":22,"column":26}},"loc":{"start":{"line":22,"column":33},"end":{"line":27,"column":3}},"line":22},"3":{"name":"(anonymous_3)","decl":{"start":{"line":25,"column":34},"end":{"line":25,"column":35}},"loc":{"start":{"line":25,"column":44},"end":{"line":25,"column":58}},"line":25}},"branchMap":{"0":{"loc":{"start":{"line":24,"column":4},"end":{"line":26,"column":5}},"type":"if","locations":[{"start":{"line":24,"column":4},"end":{"line":26,"column":5}},{"start":{},"end":{}}],"line":24}},"s":{"0":2,"1":2,"2":2,"3":0,"4":0,"5":0,"6":2,"7":0,"8":0,"9":0,"10":2},"f":{"0":2,"1":0,"2":0,"3":0},"b":{"0":[0,0]},"_coverageSchema":"1a1c01bbd47fc00a2c39e90264f33305004495a9","hash":"0d4e11ec6df66d45ce256a3a4d32b7a147c2db47"}
,"C:\\Users\\2190013\\Udemy-React\\Brad Traversy\\feedback-app-props-drilling\\src\\index.js": {"path":"C:\\Users\\2190013\\Udemy-React\\Brad Traversy\\feedback-app-props-drilling\\src\\index.js","statementMap":{"0":{"start":{"line":6,"column":0},"end":{"line":11,"column":2}}},"fnMap":{},"branchMap":{},"s":{"0":1},"f":{},"b":{},"_coverageSchema":"1a1c01bbd47fc00a2c39e90264f33305004495a9","hash":"17fc3b4b0eb323e8ef2af30e1432c07a223f22b4"}
,"C:\\Users\\2190013\\Udemy-React\\Brad Traversy\\feedback-app-props-drilling\\src\\components\\AboutIconLink.js": {"path":"C:\\Users\\2190013\\Udemy-React\\Brad Traversy\\feedback-app-props-drilling\\src\\components\\AboutIconLink.js","statementMap":{"0":{"start":{"line":5,"column":22},"end":{"line":13,"column":1}},"1":{"start":{"line":6,"column":2},"end":{"line":12,"column":4}}},"fnMap":{"0":{"name":"(anonymous_0)","decl":{"start":{"line":5,"column":22},"end":{"line":5,"column":23}},"loc":{"start":{"line":5,"column":28},"end":{"line":13,"column":1}},"line":5}},"branchMap":{},"s":{"0":2,"1":2},"f":{"0":2},"b":{},"_coverageSchema":"1a1c01bbd47fc00a2c39e90264f33305004495a9","hash":"81893348d9799c206605388026a2d4ac91010e1c"}
,"C:\\Users\\2190013\\Udemy-React\\Brad Traversy\\feedback-app-props-drilling\\src\\components\\FeedbackForm.js": {"path":"C:\\Users\\2190013\\Udemy-React\\Brad Traversy\\feedback-app-props-drilling\\src\\components\\FeedbackForm.js","statementMap":{"0":{"start":{"line":6,"column":21},"end":{"line":202,"column":1}},"1":{"start":{"line":7,"column":26},"end":{"line":7,"column":38}},"2":{"start":{"line":8,"column":30},"end":{"line":8,"column":44}},"3":{"start":{"line":9,"column":40},"end":{"line":9,"column":54}},"4":{"start":{"line":10,"column":32},"end":{"line":10,"column":44}},"5":{"start":{"line":11,"column":34},"end":{"line":11,"column":48}},"6":{"start":{"line":13,"column":27},"end":{"line":26,"column":3}},"7":{"start":{"line":15,"column":4},"end":{"line":24,"column":5}},"8":{"start":{"line":16,"column":6},"end":{"line":16,"column":27}},"9":{"start":{"line":17,"column":6},"end":{"line":17,"column":23}},"10":{"start":{"line":18,"column":11},"end":{"line":24,"column":5}},"11":{"start":{"line":19,"column":6},"end":{"line":19,"column":27}},"12":{"start":{"line":20,"column":6},"end":{"line":20,"column":56}},"13":{"start":{"line":22,"column":6},"end":{"line":22,"column":23}},"14":{"start":{"line":23,"column":6},"end":{"line":23,"column":28}},"15":{"start":{"line":25,"column":4},"end":{"line":25,"column":28}},"16":{"start":{"line":28,"column":23},"end":{"line":32,"column":3}},"17":{"start":{"line":30,"column":4},"end":{"line":30,"column":40}},"18":{"start":{"line":31,"column":4},"end":{"line":31,"column":38}},"19":{"start":{"line":34,"column":23},"end":{"line":55,"column":3}},"20":{"start":{"line":35,"column":4},"end":{"line":37,"column":5}},"21":{"start":{"line":36,"column":6},"end":{"line":36,"column":25}},"22":{"start":{"line":39,"column":4},"end":{"line":42,"column":5}},"23":{"start":{"line":40,"column":6},"end":{"line":40,"column":47}},"24":{"start":{"line":41,"column":6},"end":{"line":41,"column":13}},"25":{"start":{"line":43,"column":4},"end":{"line":54,"column":5}},"26":{"start":{"line":44,"column":26},"end":{"line":47,"column":7}},"27":{"start":{"line":49,"column":6},"end":{"line":49,"column":29}},"28":{"start":{"line":50,"column":6},"end":{"line":50,"column":18}},"29":{"start":{"line":51,"column":6},"end":{"line":51,"column":27}},"30":{"start":{"line":52,"column":6},"end":{"line":52,"column":22}},"31":{"start":{"line":53,"column":6},"end":{"line":53,"column":24}},"32":{"start":{"line":57,"column":2},"end":{"line":201,"column":4}}},"fnMap":{"0":{"name":"(anonymous_0)","decl":{"start":{"line":6,"column":21},"end":{"line":6,"column":22}},"loc":{"start":{"line":6,"column":40},"end":{"line":202,"column":1}},"line":6},"1":{"name":"(anonymous_1)","decl":{"start":{"line":13,"column":27},"end":{"line":13,"column":28}},"loc":{"start":{"line":13,"column":34},"end":{"line":26,"column":3}},"line":13},"2":{"name":"(anonymous_2)","decl":{"start":{"line":28,"column":23},"end":{"line":28,"column":24}},"loc":{"start":{"line":28,"column":30},"end":{"line":32,"column":3}},"line":28},"3":{"name":"(anonymous_3)","decl":{"start":{"line":34,"column":23},"end":{"line":34,"column":24}},"loc":{"start":{"line":34,"column":30},"end":{"line":55,"column":3}},"line":34}},"branchMap":{"0":{"loc":{"start":{"line":15,"column":4},"end":{"line":24,"column":5}},"type":"if","locations":[{"start":{"line":15,"column":4},"end":{"line":24,"column":5}},{"start":{"line":18,"column":11},"end":{"line":24,"column":5}}],"line":15},"1":{"loc":{"start":{"line":18,"column":11},"end":{"line":24,"column":5}},"type":"if","locations":[{"start":{"line":18,"column":11},"end":{"line":24,"column":5}},{"start":{"line":21,"column":11},"end":{"line":24,"column":5}}],"line":18},"2":{"loc":{"start":{"line":18,"column":15},"end":{"line":18,"column":54}},"type":"binary-expr","locations":[{"start":{"line":18,"column":15},"end":{"line":18,"column":26}},{"start":{"line":18,"column":30},"end":{"line":18,"column":54}}],"line":18},"3":{"loc":{"start":{"line":35,"column":4},"end":{"line":37,"column":5}},"type":"if","locations":[{"start":{"line":35,"column":4},"end":{"line":37,"column":5}},{"start":{},"end":{}}],"line":35},"4":{"loc":{"start":{"line":35,"column":8},"end":{"line":35,"column":29}},"type":"binary-expr","locations":[{"start":{"line":35,"column":8},"end":{"line":35,"column":9}},{"start":{"line":35,"column":13},"end":{"line":35,"column":29}}],"line":35},"5":{"loc":{"start":{"line":39,"column":4},"end":{"line":42,"column":5}},"type":"if","locations":[{"start":{"line":39,"column":4},"end":{"line":42,"column":5}},{"start":{},"end":{}}],"line":39},"6":{"loc":{"start":{"line":43,"column":4},"end":{"line":54,"column":5}},"type":"if","locations":[{"start":{"line":43,"column":4},"end":{"line":54,"column":5}},{"start":{},"end":{}}],"line":43},"7":{"loc":{"start":{"line":43,"column":8},"end":{"line":43,"column":48}},"type":"binary-expr","locations":[{"start":{"line":43,"column":8},"end":{"line":43,"column":31}},{"start":{"line":43,"column":35},"end":{"line":43,"column":48}}],"line":43},"8":{"loc":{"start":{"line":194,"column":9},"end":{"line":198,"column":9}},"type":"binary-expr","locations":[{"start":{"line":194,"column":9},"end":{"line":194,"column":16}},{"start":{"line":195,"column":10},"end":{"line":197,"column":16}}],"line":194}},"s":{"0":3,"1":31,"2":31,"3":31,"4":31,"5":31,"6":31,"7":20,"8":4,"9":4,"10":16,"11":13,"12":13,"13":3,"14":3,"15":20,"16":31,"17":0,"18":0,"19":31,"20":0,"21":0,"22":0,"23":0,"24":0,"25":0,"26":0,"27":0,"28":0,"29":0,"30":0,"31":0,"32":31},"f":{"0":31,"1":20,"2":0,"3":0},"b":{"0":[4,16],"1":[13,3],"2":[16,16],"3":[0,0],"4":[0,0],"5":[0,0],"6":[0,0],"7":[0,0],"8":[31,13]},"_coverageSchema":"1a1c01bbd47fc00a2c39e90264f33305004495a9","hash":"93c5228e46ab95130c869eb1c4ea6fadbe1d76c7"}
,"C:\\Users\\2190013\\Udemy-React\\Brad Traversy\\feedback-app-props-drilling\\src\\components\\FeedbackItem.js": {"path":"C:\\Users\\2190013\\Udemy-React\\Brad Traversy\\feedback-app-props-drilling\\src\\components\\FeedbackItem.js","statementMap":{"0":{"start":{"line":6,"column":21},"end":{"line":20,"column":1}},"1":{"start":{"line":7,"column":2},"end":{"line":19,"column":4}},"2":{"start":{"line":13,"column":23},"end":{"line":13,"column":45}},"3":{"start":{"line":22,"column":0},"end":{"line":24,"column":2}}},"fnMap":{"0":{"name":"(anonymous_0)","decl":{"start":{"line":6,"column":21},"end":{"line":6,"column":22}},"loc":{"start":{"line":6,"column":49},"end":{"line":20,"column":1}},"line":6},"1":{"name":"(anonymous_1)","decl":{"start":{"line":13,"column":17},"end":{"line":13,"column":18}},"loc":{"start":{"line":13,"column":23},"end":{"line":13,"column":45}},"line":13}},"branchMap":{},"s":{"0":4,"1":9,"2":1,"3":4},"f":{"0":9,"1":1},"b":{},"_coverageSchema":"1a1c01bbd47fc00a2c39e90264f33305004495a9","hash":"a33ed1df8a147e35f74c2aba6dfb78f8ed4e8961"}
,"C:\\Users\\2190013\\Udemy-React\\Brad Traversy\\feedback-app-props-drilling\\src\\components\\FeedbackList.js": {"path":"C:\\Users\\2190013\\Udemy-React\\Brad Traversy\\feedback-app-props-drilling\\src\\components\\FeedbackList.js","statementMap":{"0":{"start":{"line":6,"column":21},"end":{"line":42,"column":1}},"1":{"start":{"line":8,"column":2},"end":{"line":10,"column":3}},"2":{"start":{"line":9,"column":4},"end":{"line":9,"column":71}},"3":{"start":{"line":22,"column":2},"end":{"line":41,"column":4}},"4":{"start":{"line":26,"column":10},"end":{"line":37,"column":23}},"5":{"start":{"line":44,"column":0},"end":{"line":53,"column":2}}},"fnMap":{"0":{"name":"(anonymous_0)","decl":{"start":{"line":6,"column":21},"end":{"line":6,"column":22}},"loc":{"start":{"line":6,"column":53},"end":{"line":42,"column":1}},"line":6},"1":{"name":"(anonymous_1)","decl":{"start":{"line":25,"column":22},"end":{"line":25,"column":23}},"loc":{"start":{"line":26,"column":10},"end":{"line":37,"column":23}},"line":26}},"branchMap":{"0":{"loc":{"start":{"line":8,"column":2},"end":{"line":10,"column":3}},"type":"if","locations":[{"start":{"line":8,"column":2},"end":{"line":10,"column":3}},{"start":{},"end":{}}],"line":8},"1":{"loc":{"start":{"line":8,"column":6},"end":{"line":8,"column":40}},"type":"binary-expr","locations":[{"start":{"line":8,"column":6},"end":{"line":8,"column":15}},{"start":{"line":8,"column":19},"end":{"line":8,"column":40}}],"line":8}},"s":{"0":3,"1":5,"2":2,"3":3,"4":9,"5":3},"f":{"0":5,"1":9},"b":{"0":[2,3],"1":[5,5]},"_coverageSchema":"1a1c01bbd47fc00a2c39e90264f33305004495a9","hash":"a65dc9fc01fbf235f5e09a216aea411f3dbeca9d"}
,"C:\\Users\\2190013\\Udemy-React\\Brad Traversy\\feedback-app-props-drilling\\src\\components\\FeedbackStats.js": {"path":"C:\\Users\\2190013\\Udemy-React\\Brad Traversy\\feedback-app-props-drilling\\src\\components\\FeedbackStats.js","statementMap":{"0":{"start":{"line":4,"column":22},"end":{"line":20,"column":1}},"1":{"start":{"line":7,"column":4},"end":{"line":9,"column":27}},"2":{"start":{"line":8,"column":6},"end":{"line":8,"column":31}},"3":{"start":{"line":11,"column":2},"end":{"line":11,"column":53}},"4":{"start":{"line":12,"column":2},"end":{"line":19,"column":4}},"5":{"start":{"line":22,"column":0},"end":{"line":24,"column":2}}},"fnMap":{"0":{"name":"(anonymous_0)","decl":{"start":{"line":4,"column":22},"end":{"line":4,"column":23}},"loc":{"start":{"line":4,"column":40},"end":{"line":20,"column":1}},"line":4},"1":{"name":"(anonymous_1)","decl":{"start":{"line":7,"column":20},"end":{"line":7,"column":21}},"loc":{"start":{"line":7,"column":35},"end":{"line":9,"column":5}},"line":7}},"branchMap":{"0":{"loc":{"start":{"line":16,"column":26},"end":{"line":16,"column":54}},"type":"cond-expr","locations":[{"start":{"line":16,"column":43},"end":{"line":16,"column":44}},{"start":{"line":16,"column":47},"end":{"line":16,"column":54}}],"line":16}},"s":{"0":3,"1":4,"2":12,"3":4,"4":4,"5":3},"f":{"0":4,"1":12},"b":{"0":[0,4]},"_coverageSchema":"1a1c01bbd47fc00a2c39e90264f33305004495a9","hash":"338e3f6044c3236d611b18d55952c0ec3dcd7ef3"}
,"C:\\Users\\2190013\\Udemy-React\\Brad Traversy\\feedback-app-props-drilling\\src\\components\\Header.js": {"path":"C:\\Users\\2190013\\Udemy-React\\Brad Traversy\\feedback-app-props-drilling\\src\\components\\Header.js","statementMap":{"0":{"start":{"line":4,"column":15},"end":{"line":16,"column":1}},"1":{"start":{"line":5,"column":22},"end":{"line":8,"column":3}},"2":{"start":{"line":9,"column":2},"end":{"line":15,"column":4}},"3":{"start":{"line":18,"column":0},"end":{"line":22,"column":2}},"4":{"start":{"line":24,"column":0},"end":{"line":28,"column":2}}},"fnMap":{"0":{"name":"(anonymous_0)","decl":{"start":{"line":4,"column":15},"end":{"line":4,"column":16}},"loc":{"start":{"line":4,"column":49},"end":{"line":16,"column":1}},"line":4}},"branchMap":{},"s":{"0":3,"1":4,"2":4,"3":3,"4":3},"f":{"0":4},"b":{},"_coverageSchema":"1a1c01bbd47fc00a2c39e90264f33305004495a9","hash":"829499bfeef24c8151eeb877a56b59d1fa7f8439"}
,"C:\\Users\\2190013\\Udemy-React\\Brad Traversy\\feedback-app-props-drilling\\src\\components\\shared\\Button.js": {"path":"C:\\Users\\2190013\\Udemy-React\\Brad Traversy\\feedback-app-props-drilling\\src\\components\\shared\\Button.js","statementMap":{"0":{"start":{"line":4,"column":15},"end":{"line":10,"column":1}},"1":{"start":{"line":5,"column":2},"end":{"line":9,"column":4}},"2":{"start":{"line":12,"column":0},"end":{"line":16,"column":2}},"3":{"start":{"line":17,"column":0},"end":{"line":22,"column":2}}},"fnMap":{"0":{"name":"(anonymous_0)","decl":{"start":{"line":4,"column":15},"end":{"line":4,"column":16}},"loc":{"start":{"line":4,"column":60},"end":{"line":10,"column":1}},"line":4}},"branchMap":{},"s":{"0":3,"1":30,"2":3,"3":3},"f":{"0":30},"b":{},"_coverageSchema":"1a1c01bbd47fc00a2c39e90264f33305004495a9","hash":"0b849feb62a8c867f3f543a463e4a6079499ba63"}
,"C:\\Users\\2190013\\Udemy-React\\Brad Traversy\\feedback-app-props-drilling\\src\\components\\shared\\Card.js": {"path":"C:\\Users\\2190013\\Udemy-React\\Brad Traversy\\feedback-app-props-drilling\\src\\components\\shared\\Card.js","statementMap":{"0":{"start":{"line":4,"column":13},"end":{"line":20,"column":1}},"1":{"start":{"line":8,"column":2},"end":{"line":19,"column":4}},"2":{"start":{"line":22,"column":0},"end":{"line":24,"column":2}},"3":{"start":{"line":26,"column":0},"end":{"line":30,"column":2}}},"fnMap":{"0":{"name":"(anonymous_0)","decl":{"start":{"line":4,"column":13},"end":{"line":4,"column":14}},"loc":{"start":{"line":4,"column":40},"end":{"line":20,"column":1}},"line":4}},"branchMap":{"0":{"loc":{"start":{"line":13,"column":25},"end":{"line":13,"column":64}},"type":"cond-expr","locations":[{"start":{"line":13,"column":35},"end":{"line":13,"column":55}},{"start":{"line":13,"column":58},"end":{"line":13,"column":64}}],"line":13},"1":{"loc":{"start":{"line":14,"column":15},"end":{"line":14,"column":40}},"type":"cond-expr","locations":[{"start":{"line":14,"column":25},"end":{"line":14,"column":31}},{"start":{"line":14,"column":34},"end":{"line":14,"column":40}}],"line":14}},"s":{"0":6,"1":38,"2":6,"3":6},"f":{"0":38},"b":{"0":[0,38],"1":[0,38]},"_coverageSchema":"1a1c01bbd47fc00a2c39e90264f33305004495a9","hash":"516233cc4cd87f88e7cca59e4dda5f4cbf25927d"}
,"C:\\Users\\2190013\\Udemy-React\\Brad Traversy\\feedback-app-props-drilling\\src\\data\\FeedbackData.js": {"path":"C:\\Users\\2190013\\Udemy-React\\Brad Traversy\\feedback-app-props-drilling\\src\\data\\FeedbackData.js","statementMap":{"0":{"start":{"line":1,"column":21},"end":{"line":17,"column":1}}},"fnMap":{},"branchMap":{},"s":{"0":5},"f":{},"b":{},"_coverageSchema":"1a1c01bbd47fc00a2c39e90264f33305004495a9","hash":"1add663f0bb14d0962ee35ae66d74c14d67b50bd"}
,"C:\\Users\\2190013\\Udemy-React\\Brad Traversy\\feedback-app-props-drilling\\src\\pages\\AboutPage.js": {"path":"C:\\Users\\2190013\\Udemy-React\\Brad Traversy\\feedback-app-props-drilling\\src\\pages\\AboutPage.js","statementMap":{"0":{"start":{"line":5,"column":18},"end":{"line":21,"column":1}},"1":{"start":{"line":6,"column":2},"end":{"line":20,"column":4}}},"fnMap":{"0":{"name":"(anonymous_0)","decl":{"start":{"line":5,"column":18},"end":{"line":5,"column":19}},"loc":{"start":{"line":5,"column":24},"end":{"line":21,"column":1}},"line":5}},"branchMap":{},"s":{"0":3,"1":1},"f":{"0":1},"b":{},"_coverageSchema":"1a1c01bbd47fc00a2c39e90264f33305004495a9","hash":"2f988fc581cb277fd49b0dd0b92f5cde9c31d8a8"}
}
