{"C:\\Users\\2190013\\Udemy-React\\Brad Traversy\\feedback-app-props-drilling\\src\\App.js": {"path":"C:\\Users\\2190013\\Udemy-React\\Brad Traversy\\feedback-app-props-drilling\\src\\App.js","statementMap":{"0":{"start":{"line":10,"column":12},"end":{"line":36,"column":1}},"1":{"start":{"line":11,"column":2},"end":{"line":35,"column":4}}},"fnMap":{"0":{"name":"(anonymous_0)","decl":{"start":{"line":10,"column":12},"end":{"line":10,"column":13}},"loc":{"start":{"line":10,"column":18},"end":{"line":36,"column":1}},"line":10}},"branchMap":{},"s":{"0":2,"1":2},"f":{"0":2},"b":{},"_coverageSchema":"1a1c01bbd47fc00a2c39e90264f33305004495a9","hash":"b78b3e7f7683beb9f94b136d0bab25c4b7238543"}
,"C:\\Users\\2190013\\Udemy-React\\Brad Traversy\\feedback-app-props-drilling\\src\\index.js": {"path":"C:\\Users\\2190013\\Udemy-React\\Brad Traversy\\feedback-app-props-drilling\\src\\index.js","statementMap":{"0":{"start":{"line":6,"column":0},"end":{"line":11,"column":2}}},"fnMap":{},"branchMap":{},"s":{"0":1},"f":{},"b":{},"_coverageSchema":"1a1c01bbd47fc00a2c39e90264f33305004495a9","hash":"17fc3b4b0eb323e8ef2af30e1432c07a223f22b4"}
,"C:\\Users\\2190013\\Udemy-React\\Brad Traversy\\feedback-app-props-drilling\\src\\components\\AboutIconLink.js": {"path":"C:\\Users\\2190013\\Udemy-React\\Brad Traversy\\feedback-app-props-drilling\\src\\components\\AboutIconLink.js","statementMap":{"0":{"start":{"line":5,"column":22},"end":{"line":13,"column":1}},"1":{"start":{"line":6,"column":2},"end":{"line":12,"column":4}}},"fnMap":{"0":{"name":"(anonymous_0)","decl":{"start":{"line":5,"column":22},"end":{"line":5,"column":23}},"loc":{"start":{"line":5,"column":28},"end":{"line":13,"column":1}},"line":5}},"branchMap":{},"s":{"0":2,"1":2},"f":{"0":2},"b":{},"_coverageSchema":"1a1c01bbd47fc00a2c39e90264f33305004495a9","hash":"81893348d9799c206605388026a2d4ac91010e1c"}
,"C:\\Users\\2190013\\Udemy-React\\Brad Traversy\\feedback-app-props-drilling\\src\\components\\FeedbackForm.js": {"path":"C:\\Users\\2190013\\Udemy-React\\Brad Traversy\\feedback-app-props-drilling\\src\\components\\FeedbackForm.js","statementMap":{"0":{"start":{"line":7,"column":21},"end":{"line":205,"column":1}},"1":{"start":{"line":8,"column":26},"end":{"line":8,"column":38}},"2":{"start":{"line":9,"column":30},"end":{"line":9,"column":44}},"3":{"start":{"line":10,"column":40},"end":{"line":10,"column":54}},"4":{"start":{"line":11,"column":32},"end":{"line":11,"column":44}},"5":{"start":{"line":12,"column":34},"end":{"line":12,"column":48}},"6":{"start":{"line":14,"column":26},"end":{"line":14,"column":53}},"7":{"start":{"line":16,"column":27},"end":{"line":29,"column":3}},"8":{"start":{"line":18,"column":4},"end":{"line":27,"column":5}},"9":{"start":{"line":19,"column":6},"end":{"line":19,"column":27}},"10":{"start":{"line":20,"column":6},"end":{"line":20,"column":23}},"11":{"start":{"line":21,"column":11},"end":{"line":27,"column":5}},"12":{"start":{"line":22,"column":6},"end":{"line":22,"column":27}},"13":{"start":{"line":23,"column":6},"end":{"line":23,"column":56}},"14":{"start":{"line":25,"column":6},"end":{"line":25,"column":23}},"15":{"start":{"line":26,"column":6},"end":{"line":26,"column":28}},"16":{"start":{"line":28,"column":4},"end":{"line":28,"column":28}},"17":{"start":{"line":31,"column":23},"end":{"line":35,"column":3}},"18":{"start":{"line":33,"column":4},"end":{"line":33,"column":40}},"19":{"start":{"line":34,"column":4},"end":{"line":34,"column":38}},"20":{"start":{"line":37,"column":23},"end":{"line":58,"column":3}},"21":{"start":{"line":38,"column":4},"end":{"line":40,"column":5}},"22":{"start":{"line":39,"column":6},"end":{"line":39,"column":25}},"23":{"start":{"line":42,"column":4},"end":{"line":45,"column":5}},"24":{"start":{"line":43,"column":6},"end":{"line":43,"column":47}},"25":{"start":{"line":44,"column":6},"end":{"line":44,"column":13}},"26":{"start":{"line":46,"column":4},"end":{"line":57,"column":5}},"27":{"start":{"line":47,"column":26},"end":{"line":50,"column":7}},"28":{"start":{"line":52,"column":6},"end":{"line":52,"column":31}},"29":{"start":{"line":53,"column":6},"end":{"line":53,"column":18}},"30":{"start":{"line":54,"column":6},"end":{"line":54,"column":27}},"31":{"start":{"line":55,"column":6},"end":{"line":55,"column":22}},"32":{"start":{"line":56,"column":6},"end":{"line":56,"column":24}},"33":{"start":{"line":60,"column":2},"end":{"line":204,"column":4}}},"fnMap":{"0":{"name":"(anonymous_0)","decl":{"start":{"line":7,"column":21},"end":{"line":7,"column":22}},"loc":{"start":{"line":7,"column":27},"end":{"line":205,"column":1}},"line":7},"1":{"name":"(anonymous_1)","decl":{"start":{"line":16,"column":27},"end":{"line":16,"column":28}},"loc":{"start":{"line":16,"column":34},"end":{"line":29,"column":3}},"line":16},"2":{"name":"(anonymous_2)","decl":{"start":{"line":31,"column":23},"end":{"line":31,"column":24}},"loc":{"start":{"line":31,"column":30},"end":{"line":35,"column":3}},"line":31},"3":{"name":"(anonymous_3)","decl":{"start":{"line":37,"column":23},"end":{"line":37,"column":24}},"loc":{"start":{"line":37,"column":30},"end":{"line":58,"column":3}},"line":37}},"branchMap":{"0":{"loc":{"start":{"line":18,"column":4},"end":{"line":27,"column":5}},"type":"if","locations":[{"start":{"line":18,"column":4},"end":{"line":27,"column":5}},{"start":{"line":21,"column":11},"end":{"line":27,"column":5}}],"line":18},"1":{"loc":{"start":{"line":21,"column":11},"end":{"line":27,"column":5}},"type":"if","locations":[{"start":{"line":21,"column":11},"end":{"line":27,"column":5}},{"start":{"line":24,"column":11},"end":{"line":27,"column":5}}],"line":21},"2":{"loc":{"start":{"line":21,"column":15},"end":{"line":21,"column":54}},"type":"binary-expr","locations":[{"start":{"line":21,"column":15},"end":{"line":21,"column":26}},{"start":{"line":21,"column":30},"end":{"line":21,"column":54}}],"line":21},"3":{"loc":{"start":{"line":38,"column":4},"end":{"line":40,"column":5}},"type":"if","locations":[{"start":{"line":38,"column":4},"end":{"line":40,"column":5}},{"start":{},"end":{}}],"line":38},"4":{"loc":{"start":{"line":38,"column":8},"end":{"line":38,"column":29}},"type":"binary-expr","locations":[{"start":{"line":38,"column":8},"end":{"line":38,"column":9}},{"start":{"line":38,"column":13},"end":{"line":38,"column":29}}],"line":38},"5":{"loc":{"start":{"line":42,"column":4},"end":{"line":45,"column":5}},"type":"if","locations":[{"start":{"line":42,"column":4},"end":{"line":45,"column":5}},{"start":{},"end":{}}],"line":42},"6":{"loc":{"start":{"line":46,"column":4},"end":{"line":57,"column":5}},"type":"if","locations":[{"start":{"line":46,"column":4},"end":{"line":57,"column":5}},{"start":{},"end":{}}],"line":46},"7":{"loc":{"start":{"line":46,"column":8},"end":{"line":46,"column":48}},"type":"binary-expr","locations":[{"start":{"line":46,"column":8},"end":{"line":46,"column":31}},{"start":{"line":46,"column":35},"end":{"line":46,"column":48}}],"line":46},"8":{"loc":{"start":{"line":197,"column":9},"end":{"line":201,"column":9}},"type":"binary-expr","locations":[{"start":{"line":197,"column":9},"end":{"line":197,"column":16}},{"start":{"line":198,"column":10},"end":{"line":200,"column":16}}],"line":197}},"s":{"0":3,"1":20,"2":19,"3":19,"4":19,"5":19,"6":19,"7":2,"8":0,"9":0,"10":0,"11":0,"12":0,"13":0,"14":0,"15":0,"16":0,"17":2,"18":0,"19":0,"20":2,"21":0,"22":0,"23":0,"24":0,"25":0,"26":0,"27":0,"28":0,"29":0,"30":0,"31":0,"32":0,"33":2},"f":{"0":20,"1":0,"2":0,"3":0},"b":{"0":[0,0],"1":[0,0],"2":[0,0],"3":[0,0],"4":[0,0],"5":[0,0],"6":[0,0],"7":[0,0],"8":[2,0]},"_coverageSchema":"1a1c01bbd47fc00a2c39e90264f33305004495a9","hash":"d278c3aa4dc56ab0f6440080ff6b032672f07862"}
,"C:\\Users\\2190013\\Udemy-React\\Brad Traversy\\feedback-app-props-drilling\\src\\components\\FeedbackItem.js": {"path":"C:\\Users\\2190013\\Udemy-React\\Brad Traversy\\feedback-app-props-drilling\\src\\components\\FeedbackItem.js","statementMap":{"0":{"start":{"line":8,"column":21},"end":{"line":23,"column":1}},"1":{"start":{"line":9,"column":29},"end":{"line":9,"column":56}},"2":{"start":{"line":10,"column":2},"end":{"line":22,"column":4}},"3":{"start":{"line":16,"column":23},"end":{"line":16,"column":47}},"4":{"start":{"line":25,"column":0},"end":{"line":27,"column":2}}},"fnMap":{"0":{"name":"(anonymous_0)","decl":{"start":{"line":8,"column":21},"end":{"line":8,"column":22}},"loc":{"start":{"line":8,"column":35},"end":{"line":23,"column":1}},"line":8},"1":{"name":"(anonymous_1)","decl":{"start":{"line":16,"column":17},"end":{"line":16,"column":18}},"loc":{"start":{"line":16,"column":23},"end":{"line":16,"column":47}},"line":16}},"branchMap":{},"s":{"0":4,"1":13,"2":8,"3":0,"4":4},"f":{"0":13,"1":0},"b":{},"_coverageSchema":"1a1c01bbd47fc00a2c39e90264f33305004495a9","hash":"91f6a023808bea48e69f0728aae656589e13164a"}
,"C:\\Users\\2190013\\Udemy-React\\Brad Traversy\\feedback-app-props-drilling\\src\\components\\FeedbackList.js": {"path":"C:\\Users\\2190013\\Udemy-React\\Brad Traversy\\feedback-app-props-drilling\\src\\components\\FeedbackList.js","statementMap":{"0":{"start":{"line":6,"column":21},"end":{"line":43,"column":1}},"1":{"start":{"line":7,"column":23},"end":{"line":7,"column":50}},"2":{"start":{"line":9,"column":2},"end":{"line":11,"column":3}},"3":{"start":{"line":10,"column":4},"end":{"line":10,"column":71}},"4":{"start":{"line":23,"column":2},"end":{"line":42,"column":4}},"5":{"start":{"line":27,"column":10},"end":{"line":38,"column":23}}},"fnMap":{"0":{"name":"(anonymous_0)","decl":{"start":{"line":6,"column":21},"end":{"line":6,"column":22}},"loc":{"start":{"line":6,"column":43},"end":{"line":43,"column":1}},"line":6},"1":{"name":"(anonymous_1)","decl":{"start":{"line":26,"column":22},"end":{"line":26,"column":23}},"loc":{"start":{"line":27,"column":10},"end":{"line":38,"column":23}},"line":27}},"branchMap":{"0":{"loc":{"start":{"line":9,"column":2},"end":{"line":11,"column":3}},"type":"if","locations":[{"start":{"line":9,"column":2},"end":{"line":11,"column":3}},{"start":{},"end":{}}],"line":9},"1":{"loc":{"start":{"line":9,"column":6},"end":{"line":9,"column":40}},"type":"binary-expr","locations":[{"start":{"line":9,"column":6},"end":{"line":9,"column":15}},{"start":{"line":9,"column":19},"end":{"line":9,"column":40}}],"line":9}},"s":{"0":3,"1":7,"2":2,"3":0,"4":2,"5":8},"f":{"0":7,"1":8},"b":{"0":[0,2],"1":[2,2]},"_coverageSchema":"1a1c01bbd47fc00a2c39e90264f33305004495a9","hash":"530648fb2307dc8a7ed3ac673f8dc5b6c8898cde"}
,"C:\\Users\\2190013\\Udemy-React\\Brad Traversy\\feedback-app-props-drilling\\src\\components\\FeedbackStats.js": {"path":"C:\\Users\\2190013\\Udemy-React\\Brad Traversy\\feedback-app-props-drilling\\src\\components\\FeedbackStats.js","statementMap":{"0":{"start":{"line":6,"column":22},"end":{"line":23,"column":1}},"1":{"start":{"line":7,"column":23},"end":{"line":7,"column":50}},"2":{"start":{"line":10,"column":4},"end":{"line":12,"column":27}},"3":{"start":{"line":11,"column":6},"end":{"line":11,"column":31}},"4":{"start":{"line":14,"column":2},"end":{"line":14,"column":53}},"5":{"start":{"line":15,"column":2},"end":{"line":22,"column":4}}},"fnMap":{"0":{"name":"(anonymous_0)","decl":{"start":{"line":6,"column":22},"end":{"line":6,"column":23}},"loc":{"start":{"line":6,"column":28},"end":{"line":23,"column":1}},"line":6},"1":{"name":"(anonymous_1)","decl":{"start":{"line":10,"column":20},"end":{"line":10,"column":21}},"loc":{"start":{"line":10,"column":35},"end":{"line":12,"column":5}},"line":10}},"branchMap":{"0":{"loc":{"start":{"line":19,"column":26},"end":{"line":19,"column":54}},"type":"cond-expr","locations":[{"start":{"line":19,"column":43},"end":{"line":19,"column":44}},{"start":{"line":19,"column":47},"end":{"line":19,"column":54}}],"line":19}},"s":{"0":3,"1":7,"2":2,"3":8,"4":2,"5":2},"f":{"0":7,"1":8},"b":{"0":[0,2]},"_coverageSchema":"1a1c01bbd47fc00a2c39e90264f33305004495a9","hash":"a27e50709b33fc82b750abb5bda97f429840808b"}
,"C:\\Users\\2190013\\Udemy-React\\Brad Traversy\\feedback-app-props-drilling\\src\\components\\Header.js": {"path":"C:\\Users\\2190013\\Udemy-React\\Brad Traversy\\feedback-app-props-drilling\\src\\components\\Header.js","statementMap":{"0":{"start":{"line":4,"column":15},"end":{"line":16,"column":1}},"1":{"start":{"line":5,"column":22},"end":{"line":8,"column":3}},"2":{"start":{"line":9,"column":2},"end":{"line":15,"column":4}},"3":{"start":{"line":18,"column":0},"end":{"line":22,"column":2}},"4":{"start":{"line":24,"column":0},"end":{"line":28,"column":2}}},"fnMap":{"0":{"name":"(anonymous_0)","decl":{"start":{"line":4,"column":15},"end":{"line":4,"column":16}},"loc":{"start":{"line":4,"column":49},"end":{"line":16,"column":1}},"line":4}},"branchMap":{},"s":{"0":3,"1":4,"2":4,"3":3,"4":3},"f":{"0":4},"b":{},"_coverageSchema":"1a1c01bbd47fc00a2c39e90264f33305004495a9","hash":"829499bfeef24c8151eeb877a56b59d1fa7f8439"}
,"C:\\Users\\2190013\\Udemy-React\\Brad Traversy\\feedback-app-props-drilling\\src\\components\\shared\\Button.js": {"path":"C:\\Users\\2190013\\Udemy-React\\Brad Traversy\\feedback-app-props-drilling\\src\\components\\shared\\Button.js","statementMap":{"0":{"start":{"line":4,"column":15},"end":{"line":10,"column":1}},"1":{"start":{"line":5,"column":2},"end":{"line":9,"column":4}},"2":{"start":{"line":12,"column":0},"end":{"line":16,"column":2}},"3":{"start":{"line":17,"column":0},"end":{"line":22,"column":2}}},"fnMap":{"0":{"name":"(anonymous_0)","decl":{"start":{"line":4,"column":15},"end":{"line":4,"column":16}},"loc":{"start":{"line":4,"column":60},"end":{"line":10,"column":1}},"line":4}},"branchMap":{},"s":{"0":3,"1":2,"2":3,"3":3},"f":{"0":2},"b":{},"_coverageSchema":"1a1c01bbd47fc00a2c39e90264f33305004495a9","hash":"0b849feb62a8c867f3f543a463e4a6079499ba63"}
,"C:\\Users\\2190013\\Udemy-React\\Brad Traversy\\feedback-app-props-drilling\\src\\components\\shared\\Card.js": {"path":"C:\\Users\\2190013\\Udemy-React\\Brad Traversy\\feedback-app-props-drilling\\src\\components\\shared\\Card.js","statementMap":{"0":{"start":{"line":4,"column":13},"end":{"line":20,"column":1}},"1":{"start":{"line":8,"column":2},"end":{"line":19,"column":4}},"2":{"start":{"line":22,"column":0},"end":{"line":24,"column":2}},"3":{"start":{"line":26,"column":0},"end":{"line":30,"column":2}}},"fnMap":{"0":{"name":"(anonymous_0)","decl":{"start":{"line":4,"column":13},"end":{"line":4,"column":14}},"loc":{"start":{"line":4,"column":40},"end":{"line":20,"column":1}},"line":4}},"branchMap":{"0":{"loc":{"start":{"line":13,"column":25},"end":{"line":13,"column":64}},"type":"cond-expr","locations":[{"start":{"line":13,"column":35},"end":{"line":13,"column":55}},{"start":{"line":13,"column":58},"end":{"line":13,"column":64}}],"line":13},"1":{"loc":{"start":{"line":14,"column":15},"end":{"line":14,"column":40}},"type":"cond-expr","locations":[{"start":{"line":14,"column":25},"end":{"line":14,"column":31}},{"start":{"line":14,"column":34},"end":{"line":14,"column":40}}],"line":14}},"s":{"0":6,"1":10,"2":6,"3":6},"f":{"0":10},"b":{"0":[0,10],"1":[0,10]},"_coverageSchema":"1a1c01bbd47fc00a2c39e90264f33305004495a9","hash":"516233cc4cd87f88e7cca59e4dda5f4cbf25927d"}
,"C:\\Users\\2190013\\Udemy-React\\Brad Traversy\\feedback-app-props-drilling\\src\\context\\FeedbackContext.js": {"path":"C:\\Users\\2190013\\Udemy-React\\Brad Traversy\\feedback-app-props-drilling\\src\\context\\FeedbackContext.js","statementMap":{"0":{"start":{"line":4,"column":24},"end":{"line":4,"column":39}},"1":{"start":{"line":6,"column":32},"end":{"line":29,"column":1}},"2":{"start":{"line":7,"column":34},"end":{"line":7,"column":56}},"3":{"start":{"line":9,"column":25},"end":{"line":14,"column":3}},"4":{"start":{"line":11,"column":4},"end":{"line":13,"column":5}},"5":{"start":{"line":12,"column":6},"end":{"line":12,"column":61}},"6":{"start":{"line":12,"column":44},"end":{"line":12,"column":58}},"7":{"start":{"line":16,"column":22},"end":{"line":20,"column":3}},"8":{"start":{"line":17,"column":4},"end":{"line":17,"column":30}},"9":{"start":{"line":18,"column":4},"end":{"line":18,"column":29}},"10":{"start":{"line":19,"column":4},"end":{"line":19,"column":44}},"11":{"start":{"line":22,"column":2},"end":{"line":28,"column":4}}},"fnMap":{"0":{"name":"(anonymous_0)","decl":{"start":{"line":6,"column":32},"end":{"line":6,"column":33}},"loc":{"start":{"line":6,"column":50},"end":{"line":29,"column":1}},"line":6},"1":{"name":"(anonymous_1)","decl":{"start":{"line":9,"column":25},"end":{"line":9,"column":26}},"loc":{"start":{"line":9,"column":33},"end":{"line":14,"column":3}},"line":9},"2":{"name":"(anonymous_2)","decl":{"start":{"line":12,"column":34},"end":{"line":12,"column":35}},"loc":{"start":{"line":12,"column":44},"end":{"line":12,"column":58}},"line":12},"3":{"name":"(anonymous_3)","decl":{"start":{"line":16,"column":22},"end":{"line":16,"column":23}},"loc":{"start":{"line":16,"column":39},"end":{"line":20,"column":3}},"line":16}},"branchMap":{"0":{"loc":{"start":{"line":11,"column":4},"end":{"line":13,"column":5}},"type":"if","locations":[{"start":{"line":11,"column":4},"end":{"line":13,"column":5}},{"start":{},"end":{}}],"line":11}},"s":{"0":6,"1":6,"2":2,"3":2,"4":0,"5":0,"6":0,"7":2,"8":0,"9":0,"10":0,"11":2},"f":{"0":2,"1":0,"2":0,"3":0},"b":{"0":[0,0]},"_coverageSchema":"1a1c01bbd47fc00a2c39e90264f33305004495a9","hash":"3044b4fe9dbab03a96c09fa29058bdb874aad101"}
,"C:\\Users\\2190013\\Udemy-React\\Brad Traversy\\feedback-app-props-drilling\\src\\data\\FeedbackData.js": {"path":"C:\\Users\\2190013\\Udemy-React\\Brad Traversy\\feedback-app-props-drilling\\src\\data\\FeedbackData.js","statementMap":{"0":{"start":{"line":1,"column":21},"end":{"line":22,"column":1}}},"fnMap":{},"branchMap":{},"s":{"0":6},"f":{},"b":{},"_coverageSchema":"1a1c01bbd47fc00a2c39e90264f33305004495a9","hash":"df4e73220c5c77af34dba7baea566cc75891a97c"}
,"C:\\Users\\2190013\\Udemy-React\\Brad Traversy\\feedback-app-props-drilling\\src\\pages\\AboutPage.js": {"path":"C:\\Users\\2190013\\Udemy-React\\Brad Traversy\\feedback-app-props-drilling\\src\\pages\\AboutPage.js","statementMap":{"0":{"start":{"line":5,"column":18},"end":{"line":21,"column":1}},"1":{"start":{"line":6,"column":2},"end":{"line":20,"column":4}}},"fnMap":{"0":{"name":"(anonymous_0)","decl":{"start":{"line":5,"column":18},"end":{"line":5,"column":19}},"loc":{"start":{"line":5,"column":24},"end":{"line":21,"column":1}},"line":5}},"branchMap":{},"s":{"0":3,"1":1},"f":{"0":1},"b":{},"_coverageSchema":"1a1c01bbd47fc00a2c39e90264f33305004495a9","hash":"2f988fc581cb277fd49b0dd0b92f5cde9c31d8a8"}
}
