TN:
SF:src\App.js
FN:10,(anonymous_0)
FNF:1
FNH:0
FNDA:0,(anonymous_0)
DA:10,1
DA:11,0
LF:2
LH:1
BRF:0
BRH:0
end_of_record
TN:
SF:src\firebase-config.js
FNF:0
FNH:0
DA:4,6
DA:15,6
DA:17,6
LF:3
LH:3
BRF:0
BRH:0
end_of_record
TN:
SF:src\index.js
FNF:0
FNH:0
DA:6,0
LF:1
LH:0
BRF:0
BRH:0
end_of_record
TN:
SF:src\components\AboutIconLink.js
FN:5,(anonymous_0)
FNF:1
FNH:1
FNDA:1,(anonymous_0)
DA:5,2
DA:6,1
LF:2
LH:2
BRF:0
BRH:0
end_of_record
TN:
SF:src\components\FeedbackForm.js
FN:9,(anonymous_0)
FN:18,(anonymous_1)
FN:33,(anonymous_2)
FN:62,(anonymous_3)
FNF:4
FNH:2
FNDA:32,(anonymous_0)
FNDA:22,(anonymous_1)
FNDA:0,(anonymous_2)
FNDA:0,(anonymous_3)
DA:9,2
DA:10,32
DA:11,32
DA:12,32
DA:13,32
DA:14,32
DA:16,32
DA:18,32
DA:20,22
DA:21,5
DA:22,5
DA:23,17
DA:24,14
DA:25,14
DA:27,3
DA:28,3
DA:30,22
DA:33,32
DA:35,0
DA:36,0
DA:62,32
DA:63,0
DA:64,0
DA:65,0
DA:66,0
DA:69,0
DA:70,0
DA:76,0
DA:78,0
DA:80,0
DA:82,0
DA:83,0
DA:84,0
DA:85,0
DA:86,0
DA:90,32
LF:36
LH:20
BRDA:20,0,0,5
BRDA:20,0,1,17
BRDA:23,1,0,14
BRDA:23,1,1,3
BRDA:23,2,0,17
BRDA:23,2,1,17
BRDA:64,3,0,0
BRDA:64,3,1,0
BRDA:69,4,0,0
BRDA:69,4,1,0
BRDA:69,5,0,0
BRDA:69,5,1,0
BRDA:227,6,0,32
BRDA:227,6,1,14
BRF:14
BRH:8
end_of_record
TN:
SF:src\components\FeedbackItem.js
FN:9,(anonymous_0)
FN:17,(anonymous_1)
FNF:2
FNH:2
FNDA:2,(anonymous_0)
FNDA:1,(anonymous_1)
DA:9,3
DA:10,2
DA:11,2
DA:17,1
DA:26,3
LF:5
LH:5
BRF:0
BRH:0
end_of_record
TN:
SF:src\components\FeedbackList.js
FN:7,(anonymous_0)
FN:28,(anonymous_1)
FNF:2
FNH:1
FNDA:2,(anonymous_0)
FNDA:0,(anonymous_1)
DA:7,2
DA:8,2
DA:10,2
DA:11,2
DA:24,0
DA:29,0
LF:6
LH:4
BRDA:10,0,0,2
BRDA:10,0,1,0
BRDA:10,1,0,2
BRDA:10,1,1,2
BRF:4
BRH:3
end_of_record
TN:
SF:src\components\FeedbackStats.js
FN:6,(anonymous_0)
FN:11,(anonymous_1)
FNF:2
FNH:1
FNDA:3,(anonymous_0)
FNDA:0,(anonymous_1)
DA:6,2
DA:7,3
DA:11,3
DA:12,0
DA:15,3
DA:16,3
LF:6
LH:5
BRDA:20,0,0,3
BRDA:20,0,1,0
BRF:2
BRH:1
end_of_record
TN:
SF:src\components\Header.js
FN:4,(anonymous_0)
FNF:1
FNH:1
FNDA:1,(anonymous_0)
DA:4,2
DA:5,1
DA:9,1
DA:18,2
DA:25,2
LF:5
LH:5
BRF:0
BRH:0
end_of_record
TN:
SF:src\components\shared\Button.js
FN:4,(anonymous_0)
FNF:1
FNH:1
FNDA:32,(anonymous_0)
DA:4,2
DA:5,32
DA:12,2
DA:17,2
LF:4
LH:4
BRF:0
BRH:0
end_of_record
TN:
SF:src\components\shared\Card.js
FN:4,(anonymous_0)
FNF:1
FNH:1
FNDA:35,(anonymous_0)
DA:4,5
DA:8,35
DA:22,5
DA:26,5
LF:4
LH:4
BRDA:13,0,0,0
BRDA:13,0,1,35
BRDA:14,1,0,0
BRDA:14,1,1,35
BRF:4
BRH:2
end_of_record
TN:
SF:src\context\FeedbackContext.js
FN:8,(anonymous_0)
FN:11,(anonymous_1)
FN:28,(anonymous_2)
FN:33,(anonymous_3)
FN:51,(anonymous_4)
FN:59,(anonymous_5)
FNF:6
FNH:4
FNDA:17,(anonymous_0)
FNDA:17,(anonymous_1)
FNDA:17,(anonymous_2)
FNDA:0,(anonymous_3)
FNDA:1,(anonymous_4)
FNDA:0,(anonymous_5)
DA:6,5
DA:8,5
DA:10,17
DA:11,17
DA:12,17
DA:28,17
DA:29,17
DA:30,17
DA:31,0
DA:32,0
DA:33,0
DA:35,0
DA:38,0
DA:40,0
DA:51,17
DA:52,1
DA:53,0
DA:55,0
DA:59,17
DA:60,0
DA:61,0
DA:62,0
DA:65,17
LF:23
LH:12
BRDA:32,0,0,0
BRDA:32,0,1,0
BRDA:52,1,0,0
BRDA:52,1,1,1
BRF:4
BRH:1
end_of_record
TN:
SF:src\data\FeedbackData.js
FNF:0
FNH:0
DA:1,0
LF:1
LH:0
BRF:0
BRH:0
end_of_record
TN:
SF:src\pages\AboutPage.js
FN:5,(anonymous_0)
FNF:1
FNH:1
FNDA:1,(anonymous_0)
DA:5,2
DA:6,1
LF:2
LH:2
BRF:0
BRH:0
end_of_record
TN:
SF:src\services\feedback.services.js
FN:19,(anonymous_0)
FN:24,(anonymous_1)
FN:30,(anonymous_2)
FN:36,(anonymous_3)
FN:41,(anonymous_4)
FNF:5
FNH:2
FNDA:1,(anonymous_0)
FNDA:0,(anonymous_1)
FNDA:0,(anonymous_2)
FNDA:17,(anonymous_3)
FNDA:0,(anonymous_4)
DA:15,6
DA:19,6
DA:20,1
DA:24,6
DA:25,0
DA:26,0
DA:30,6
DA:31,0
DA:32,0
DA:36,6
DA:37,17
DA:41,6
DA:42,0
DA:43,0
LF:14
LH:8
BRF:0
BRH:0
end_of_record
