TN:
SF:src\App.js
FN:13,(anonymous_0)
FN:16,(anonymous_1)
FN:22,(anonymous_2)
FN:25,(anonymous_3)
FNF:4
FNH:1
FNDA:1,(anonymous_0)
FNDA:0,(anonymous_1)
FNDA:0,(anonymous_2)
FNDA:0,(anonymous_3)
DA:13,2
DA:14,1
DA:16,1
DA:17,0
DA:18,0
DA:19,0
DA:22,1
DA:24,0
DA:25,0
DA:29,1
LF:10
LH:5
BRDA:24,0,0,0
BRDA:24,0,1,0
BRF:2
BRH:0
end_of_record
TN:
SF:src\index.js
FNF:0
FNH:0
DA:6,1
LF:1
LH:1
BRF:0
BRH:0
end_of_record
TN:
SF:src\components\AboutIconLink.js
FN:5,(anonymous_0)
FNF:1
FNH:1
FNDA:1,(anonymous_0)
DA:5,2
DA:6,1
LF:2
LH:2
BRF:0
BRH:0
end_of_record
TN:
SF:src\components\FeedbackForm.js
FN:6,(anonymous_0)
FN:13,(anonymous_1)
FN:28,(anonymous_2)
FN:34,(anonymous_3)
FNF:4
FNH:2
FNDA:28,(anonymous_0)
FNDA:19,(anonymous_1)
FNDA:0,(anonymous_2)
FNDA:0,(anonymous_3)
DA:6,3
DA:7,28
DA:8,28
DA:9,28
DA:10,28
DA:11,28
DA:13,28
DA:15,19
DA:16,3
DA:17,3
DA:18,16
DA:19,13
DA:20,13
DA:22,3
DA:23,3
DA:25,19
DA:28,28
DA:30,0
DA:31,0
DA:34,28
DA:35,0
DA:36,0
DA:39,0
DA:40,0
DA:41,0
DA:43,0
DA:44,0
DA:49,0
DA:50,0
DA:51,0
DA:52,0
DA:53,0
DA:57,28
LF:33
LH:19
BRDA:15,0,0,3
BRDA:15,0,1,16
BRDA:18,1,0,13
BRDA:18,1,1,3
BRDA:18,2,0,16
BRDA:18,2,1,16
BRDA:35,3,0,0
BRDA:35,3,1,0
BRDA:35,4,0,0
BRDA:35,4,1,0
BRDA:39,5,0,0
BRDA:39,5,1,0
BRDA:43,6,0,0
BRDA:43,6,1,0
BRDA:43,7,0,0
BRDA:43,7,1,0
BRDA:194,8,0,28
BRDA:194,8,1,13
BRF:18
BRH:8
end_of_record
TN:
SF:src\components\FeedbackItem.js
FN:6,(anonymous_0)
FN:13,(anonymous_1)
FNF:2
FNH:1
FNDA:5,(anonymous_0)
FNDA:0,(anonymous_1)
DA:6,4
DA:7,5
DA:13,0
DA:22,4
LF:4
LH:3
BRF:0
BRH:0
end_of_record
TN:
SF:src\components\FeedbackList.js
FN:6,(anonymous_0)
FN:25,(anonymous_1)
FNF:2
FNH:2
FNDA:2,(anonymous_0)
FNDA:6,(anonymous_1)
DA:6,3
DA:8,2
DA:9,0
DA:22,2
DA:26,6
LF:5
LH:4
BRDA:8,0,0,0
BRDA:8,0,1,2
BRDA:8,1,0,2
BRDA:8,1,1,2
BRF:4
BRH:3
end_of_record
TN:
SF:src\components\FeedbackStats.js
FN:4,(anonymous_0)
FN:7,(anonymous_1)
FNF:2
FNH:2
FNDA:3,(anonymous_0)
FNDA:9,(anonymous_1)
DA:4,3
DA:7,3
DA:8,9
DA:11,3
DA:12,3
DA:22,3
LF:6
LH:6
BRDA:16,0,0,0
BRDA:16,0,1,3
BRF:2
BRH:1
end_of_record
TN:
SF:src\components\Header.js
FN:4,(anonymous_0)
FNF:1
FNH:1
FNDA:3,(anonymous_0)
DA:4,3
DA:5,3
DA:9,3
DA:18,3
DA:24,3
LF:5
LH:5
BRF:0
BRH:0
end_of_record
TN:
SF:src\components\shared\Button.js
FN:4,(anonymous_0)
FNF:1
FNH:1
FNDA:27,(anonymous_0)
DA:4,3
DA:5,27
DA:12,3
DA:17,3
LF:4
LH:4
BRF:0
BRH:0
end_of_record
TN:
SF:src\components\shared\Card.js
FN:4,(anonymous_0)
FNF:1
FNH:1
FNDA:31,(anonymous_0)
DA:4,6
DA:8,31
DA:22,6
DA:26,6
LF:4
LH:4
BRDA:13,0,0,0
BRDA:13,0,1,31
BRDA:14,1,0,0
BRDA:14,1,1,31
BRF:4
BRH:2
end_of_record
TN:
SF:src\data\FeedbackData.js
FNF:0
FNH:0
DA:1,5
LF:1
LH:1
BRF:0
BRH:0
end_of_record
TN:
SF:src\pages\AboutPage.js
FN:5,(anonymous_0)
FNF:1
FNH:1
FNDA:1,(anonymous_0)
DA:5,3
DA:6,1
LF:2
LH:2
BRF:0
BRH:0
end_of_record
